Using pre-set license
Built from '2021.3/staging' branch; Version is '2021.3.21f1 (1b156197d683) revision 1774945'; Using compiler version '192829333'; Build Type 'Release'
OS: 'Windows 11  (10.0.22631) 64bit Core' Language: 'pt' Physical Memory: 16221 MB
BatchMode: 1, IsHumanControllingUs: 0, StartBugReporterOnCrash: 0, Is64bit: 1, IsPro: 1

COMMAND LINE ARGUMENTS:
C:\Program Files\Unity\Hub\Editor\2021.3.21f1\Editor\Unity.exe
-adb2
-batchMode
-noUpm
-name
AssetImportWorker7
-projectPath
C:/Users/marta/Documents/GitHub/RunnerGameVoiceRecognition/Runner
-logFile
Logs/AssetImportWorker7.log
-srvPort
57974
Successfully changed project path to: C:/Users/marta/Documents/GitHub/RunnerGameVoiceRecognition/Runner
C:/Users/marta/Documents/GitHub/RunnerGameVoiceRecognition/Runner
[UnityMemory] Configuration Parameters - Can be set up in boot.config
    "memorysetup-bucket-allocator-granularity=16"
    "memorysetup-bucket-allocator-bucket-count=8"
    "memorysetup-bucket-allocator-block-size=33554432"
    "memorysetup-bucket-allocator-block-count=8"
    "memorysetup-main-allocator-block-size=16777216"
    "memorysetup-thread-allocator-block-size=16777216"
    "memorysetup-gfx-main-allocator-block-size=16777216"
    "memorysetup-gfx-thread-allocator-block-size=16777216"
    "memorysetup-cache-allocator-block-size=4194304"
    "memorysetup-typetree-allocator-block-size=2097152"
    "memorysetup-profiler-bucket-allocator-granularity=16"
    "memorysetup-profiler-bucket-allocator-bucket-count=8"
    "memorysetup-profiler-bucket-allocator-block-size=33554432"
    "memorysetup-profiler-bucket-allocator-block-count=8"
    "memorysetup-profiler-allocator-block-size=16777216"
    "memorysetup-profiler-editor-allocator-block-size=1048576"
    "memorysetup-temp-allocator-size-main=16777216"
    "memorysetup-job-temp-allocator-block-size=2097152"
    "memorysetup-job-temp-allocator-block-size-background=1048576"
    "memorysetup-job-temp-allocator-reduction-small-platforms=262144"
    "memorysetup-temp-allocator-size-background-worker=32768"
    "memorysetup-temp-allocator-size-job-worker=262144"
    "memorysetup-temp-allocator-size-preload-manager=33554432"
    "memorysetup-temp-allocator-size-nav-mesh-worker=65536"
    "memorysetup-temp-allocator-size-audio-worker=65536"
    "memorysetup-temp-allocator-size-cloud-worker=32768"
    "memorysetup-temp-allocator-size-gi-baking-worker=262144"
    "memorysetup-temp-allocator-size-gfx=262144"
Player connection [31120] Host "[IP] 192.168.1.102 [Port] 0 [Flags] 2 [Guid] 1658486904 [EditorId] 1658486904 [Version] 1048832 [Id] WindowsEditor(7,LAPTOP-H5F1OK20) [Debug] 1 [PackageName] WindowsEditor [ProjectName] Editor" joined multi-casting on [225.0.0.222:54997]...

Player connection [31120] Host "[IP] 192.168.1.102 [Port] 0 [Flags] 2 [Guid] 1658486904 [EditorId] 1658486904 [Version] 1048832 [Id] WindowsEditor(7,LAPTOP-H5F1OK20) [Debug] 1 [PackageName] WindowsEditor [ProjectName] Editor" joined alternative multi-casting on [225.0.0.222:34997]...

Refreshing native plugins compatible for Editor in 182.21 ms, found 3 plugins.
Preloading 0 native plugins for Editor in 0.00 ms.
Initialize engine version: 2021.3.21f1 (1b156197d683)
[Subsystems] Discovering subsystems at path C:/Program Files/Unity/Hub/Editor/2021.3.21f1/Editor/Data/Resources/UnitySubsystems
[Subsystems] Discovering subsystems at path C:/Users/marta/Documents/GitHub/RunnerGameVoiceRecognition/Runner/Assets
GfxDevice: creating device client; threaded=0; jobified=0
Direct3D:
    Version:  Direct3D 11.0 [level 11.1]
    Renderer: NVIDIA GeForce GTX 1650 (ID=0x1f99)
    Vendor:   NVIDIA
    VRAM:     3962 MB
    Driver:   31.0.15.1640
Initialize mono
Mono path[0] = 'C:/Program Files/Unity/Hub/Editor/2021.3.21f1/Editor/Data/Managed'
Mono path[1] = 'C:/Program Files/Unity/Hub/Editor/2021.3.21f1/Editor/Data/MonoBleedingEdge/lib/mono/unityjit-win32'
Mono config path = 'C:/Program Files/Unity/Hub/Editor/2021.3.21f1/Editor/Data/MonoBleedingEdge/etc'
Using monoOptions --debugger-agent=transport=dt_socket,embedding=1,server=y,suspend=n,address=127.0.0.1:56528
Begin MonoManager ReloadAssembly
Registering precompiled unity dll's ...
Register platform support module: C:/Program Files/Unity/Hub/Editor/2021.3.21f1/Editor/Data/PlaybackEngines/WebGLSupport/UnityEditor.WebGL.Extensions.dll
Register platform support module: C:/Program Files/Unity/Hub/Editor/2021.3.21f1/Editor/Data/PlaybackEngines/AndroidPlayer/UnityEditor.Android.Extensions.dll
Register platform support module: C:/Program Files/Unity/Hub/Editor/2021.3.21f1/Editor/Data/PlaybackEngines/iOSSupport/UnityEditor.iOS.Extensions.dll
Register platform support module: C:/Program Files/Unity/Hub/Editor/2021.3.21f1/Editor/Data/PlaybackEngines/WindowsStandaloneSupport/UnityEditor.WindowsStandalone.Extensions.dll
Registered in 0.025959 seconds.
Native extension for WindowsStandalone target not found
[usbmuxd] Start listen thread
[usbmuxd] Listen thread started
Native extension for iOS target not found
Native extension for Android target not found
Android Extension - Scanning For ADB Devices 891 ms
Native extension for WebGL target not found
Refreshing native plugins compatible for Editor in 137.64 ms, found 3 plugins.
Preloading 0 native plugins for Editor in 0.00 ms.
Mono: successfully reloaded assembly
- Completed reload, in  2.463 seconds
Domain Reload Profiling:
	ReloadAssembly (2463ms)
		BeginReloadAssembly (188ms)
			ExecutionOrderSort (0ms)
			DisableScriptedObjects (0ms)
			BackupInstance (0ms)
			ReleaseScriptingObjects (0ms)
			CreateAndSetChildDomain (1ms)
		EndReloadAssembly (2047ms)
			LoadAssemblies (185ms)
			RebuildTransferFunctionScriptingTraits (0ms)
			SetupTypeCache (227ms)
			ReleaseScriptCaches (0ms)
			RebuildScriptCaches (80ms)
			SetupLoadedEditorAssemblies (1621ms)
				LogAssemblyErrors (0ms)
				InitializePlatformSupportModulesInManaged (1142ms)
				SetLoadedEditorAssemblies (0ms)
				RefreshPlugins (138ms)
				BeforeProcessingInitializeOnLoad (1ms)
				ProcessInitializeOnLoadAttributes (245ms)
				ProcessInitializeOnLoadMethodAttributes (95ms)
				AfterProcessingInitializeOnLoad (0ms)
				EditorAssembliesLoaded (0ms)
			ExecutionOrderSort2 (0ms)
			AwakeInstancesAfterBackupRestoration (0ms)
Platform modules already initialized, skipping
Registering precompiled user dll's ...
Registered in 0.012006 seconds.
Begin MonoManager ReloadAssembly
Symbol file LoadedFromMemory doesn't match image C:\Users\marta\Documents\GitHub\RunnerGameVoiceRecognition\Runner\Library\PackageCache\com.unity.visualscripting@1.8.0\Editor\VisualScripting.Core\Dependencies\YamlDotNet\Unity.VisualScripting.YamlDotNet.dll
Symbol file LoadedFromMemory doesn't match image C:\Users\marta\Documents\GitHub\RunnerGameVoiceRecognition\Runner\Library\PackageCache\com.unity.visualscripting@1.8.0\Editor\VisualScripting.Core\Dependencies\DotNetZip\Unity.VisualScripting.IonicZip.dll
Native extension for WindowsStandalone target not found
Native extension for iOS target not found
Native extension for Android target not found
Native extension for WebGL target not found
Refreshing native plugins compatible for Editor in 0.68 ms, found 3 plugins.
Preloading 0 native plugins for Editor in 0.00 ms.
Mono: successfully reloaded assembly
- Completed reload, in  1.519 seconds
Domain Reload Profiling:
	ReloadAssembly (1521ms)
		BeginReloadAssembly (148ms)
			ExecutionOrderSort (0ms)
			DisableScriptedObjects (9ms)
			BackupInstance (0ms)
			ReleaseScriptingObjects (0ms)
			CreateAndSetChildDomain (23ms)
		EndReloadAssembly (1236ms)
			LoadAssemblies (124ms)
			RebuildTransferFunctionScriptingTraits (0ms)
			SetupTypeCache (440ms)
			ReleaseScriptCaches (1ms)
			RebuildScriptCaches (71ms)
			SetupLoadedEditorAssemblies (534ms)
				LogAssemblyErrors (0ms)
				InitializePlatformSupportModulesInManaged (31ms)
				SetLoadedEditorAssemblies (1ms)
				RefreshPlugins (1ms)
				BeforeProcessingInitializeOnLoad (145ms)
				ProcessInitializeOnLoadAttributes (307ms)
				ProcessInitializeOnLoadMethodAttributes (32ms)
				AfterProcessingInitializeOnLoad (17ms)
				EditorAssembliesLoaded (0ms)
			ExecutionOrderSort2 (0ms)
			AwakeInstancesAfterBackupRestoration (10ms)
Platform modules already initialized, skipping
========================================================================
Worker process is ready to serve import requests
Launched and connected shader compiler UnityShaderCompiler.exe after 0.07 seconds
Refreshing native plugins compatible for Editor in 0.70 ms, found 3 plugins.
Preloading 0 native plugins for Editor in 0.00 ms.
Unloading 3249 Unused Serialized files (Serialized files now loaded: 0)
Unloading 36 unused Assets / (1.3 MB). Loaded Objects now: 3702.
Memory consumption went from 125.4 MB to 124.1 MB.
Total: 3.959300 ms (FindLiveObjects: 0.343800 ms CreateObjectMapping: 0.232000 ms MarkObjects: 3.083700 ms  DeleteObjects: 0.298800 ms)

AssetImportParameters requested are different than current active one (requested -> active):
  custom:video-decoder-ogg-theora: a1e56fd34408186e4bbccfd4996cb3dc -> 
  custom:container-muxer-webm: aa71ff27fc2769a1b78a27578f13a17b -> 
  custom:container-demuxer-webm: 4f35f7cbe854078d1ac9338744f61a02 -> 
  custom:video-encoder-webm-vp8: eb34c28f22e8b96e1ab97ce403110664 -> 
  custom:audio-encoder-webm-vorbis: bf7c407c2cedff20999df2af8eb42d56 -> 
  custom:framework-win-MediaFoundation: 216162199b28c13a410421893ffa2e32 -> 
  custom:container-demuxer-ogg: 62fdf1f143b41e24485cea50d1cbac27 -> 
  custom:video-decoder-webm-vp8: 9c59270c3fd7afecdb556c50c9e8de78 -> 
  custom:audio-decoder-ogg-vorbis: bf7c407c2cedff20999df2af8eb42d56 -> 
========================================================================
Received Import Request.
  Time since last request: 33431.407340 seconds.
  path: Assets/New Material.mat
  artifactKey: Guid(723e8a402dcc2c44dbfccac8724e738b) Importer(815301076,1909f56bfc062723c751e8b465ee728b)
Start importing Assets/New Material.mat using Guid(723e8a402dcc2c44dbfccac8724e738b) Importer(815301076,1909f56bfc062723c751e8b465ee728b)  -> (artifact id: '9c0a926ecf76023cf48fafc8a8e3b312') in 0.186079 seconds 
========================================================================
Received Import Request.
  Time since last request: 70.755669 seconds.
  path: Assets/Art/RPG Tiny Hero Duo/Prefab/FemaleCharacterPolyart.prefab
  artifactKey: Guid(257c304c754d3b247a51ef5bea7a90d0) Importer(815301076,1909f56bfc062723c751e8b465ee728b)
Start importing Assets/Art/RPG Tiny Hero Duo/Prefab/FemaleCharacterPolyart.prefab using Guid(257c304c754d3b247a51ef5bea7a90d0) Importer(815301076,1909f56bfc062723c751e8b465ee728b)  -> (artifact id: '44f648a3bd8d2fb9eeb583aff9fbfd88') in 0.127687 seconds 
========================================================================
Received Import Request.
  Time since last request: 0.000046 seconds.
  path: Assets/Art/RPG Tiny Hero Duo/Prefab/OHS03Polyart.prefab
  artifactKey: Guid(f0aae4c8b38e02e48a4124483b105340) Importer(815301076,1909f56bfc062723c751e8b465ee728b)
Start importing Assets/Art/RPG Tiny Hero Duo/Prefab/OHS03Polyart.prefab using Guid(f0aae4c8b38e02e48a4124483b105340) Importer(815301076,1909f56bfc062723c751e8b465ee728b)  -> (artifact id: '38f7d17f9052182ba334eef8073c051b') in 0.021054 seconds 
========================================================================
Received Import Request.
  Time since last request: 0.000028 seconds.
  path: Assets/Art/RPG Tiny Hero Duo/Prefab/Shield08Polyart.prefab
  artifactKey: Guid(f86f26a978127384b85b71f1235c8ef2) Importer(815301076,1909f56bfc062723c751e8b465ee728b)
Start importing Assets/Art/RPG Tiny Hero Duo/Prefab/Shield08Polyart.prefab using Guid(f86f26a978127384b85b71f1235c8ef2) Importer(815301076,1909f56bfc062723c751e8b465ee728b)  -> (artifact id: '9265832bab363a54177eb76773bbe8b6') in 0.024678 seconds 
========================================================================
Received Import Request.
  Time since last request: 0.000032 seconds.
  path: Assets/Art/RPG Tiny Hero Duo/Prefab/MaleCharacterPolyart.prefab
  artifactKey: Guid(c564c8c0d0cdc45429417f315e9f3e41) Importer(815301076,1909f56bfc062723c751e8b465ee728b)
Start importing Assets/Art/RPG Tiny Hero Duo/Prefab/MaleCharacterPolyart.prefab using Guid(c564c8c0d0cdc45429417f315e9f3e41) Importer(815301076,1909f56bfc062723c751e8b465ee728b)  -> (artifact id: 'feef3cd6e16242d3b470f37fb30018bd') in 0.074218 seconds 
========================================================================
Received Import Request.
  Time since last request: 0.000058 seconds.
  path: Assets/Art/RPG Tiny Hero Duo/Prefab/MaleCharacterPBR.prefab
  artifactKey: Guid(2dfbb63c9cdf7504faf4ff26b0581598) Importer(815301076,1909f56bfc062723c751e8b465ee728b)
Start importing Assets/Art/RPG Tiny Hero Duo/Prefab/MaleCharacterPBR.prefab using Guid(2dfbb63c9cdf7504faf4ff26b0581598) Importer(815301076,1909f56bfc062723c751e8b465ee728b)  -> (artifact id: '129892ad2e3c6e86397dc4b79225c372') in 0.075804 seconds 
========================================================================
Received Import Request.
  Time since last request: 23.150655 seconds.
  path: Assets/Prefabs/Road Section Start.prefab
  artifactKey: Guid(1ee63d8d9ef68e842a6bf1f9d3b9bb30) Importer(815301076,1909f56bfc062723c751e8b465ee728b)
Start importing Assets/Prefabs/Road Section Start.prefab using Guid(1ee63d8d9ef68e842a6bf1f9d3b9bb30) Importer(815301076,1909f56bfc062723c751e8b465ee728b)  -> (artifact id: '9d1fa143c5796b1594b81a421e0498f1') in 0.048913 seconds 
========================================================================
Received Import Request.
  Time since last request: 31.295496 seconds.
  path: Assets/VanillaArt_MeadevilPack_FREE/Prefabs/SoloObjects/landscape_03.prefab
  artifactKey: Guid(941f97f2515ff104d9041d90526a17f8) Importer(815301076,1909f56bfc062723c751e8b465ee728b)
Start importing Assets/VanillaArt_MeadevilPack_FREE/Prefabs/SoloObjects/landscape_03.prefab using Guid(941f97f2515ff104d9041d90526a17f8) Importer(815301076,1909f56bfc062723c751e8b465ee728b)  -> (artifact id: 'a5e05597c53aa2341bc1cadfd0c2a601') in 0.013385 seconds 
========================================================================
Received Import Request.
  Time since last request: 0.000023 seconds.
  path: Assets/VanillaArt_MeadevilPack_FREE/Prefabs/SoloObjects/plank_02.prefab
  artifactKey: Guid(a3617302c91e4fc438c43b22e4a4e805) Importer(815301076,1909f56bfc062723c751e8b465ee728b)
Start importing Assets/VanillaArt_MeadevilPack_FREE/Prefabs/SoloObjects/plank_02.prefab using Guid(a3617302c91e4fc438c43b22e4a4e805) Importer(815301076,1909f56bfc062723c751e8b465ee728b)  -> (artifact id: 'b6329c20faf23f9adbc456bfc7f894cc') in 0.016169 seconds 
========================================================================
Received Import Request.
  Time since last request: 0.000038 seconds.
  path: Assets/VanillaArt_MeadevilPack_FREE/Prefabs/SoloObjects/plank_01.prefab
  artifactKey: Guid(819046b4e90d9c24e93ec241ae2315c5) Importer(815301076,1909f56bfc062723c751e8b465ee728b)
Start importing Assets/VanillaArt_MeadevilPack_FREE/Prefabs/SoloObjects/plank_01.prefab using Guid(819046b4e90d9c24e93ec241ae2315c5) Importer(815301076,1909f56bfc062723c751e8b465ee728b)  -> (artifact id: 'b679f39e9d1a6313d41b22407fc16ee4') in 0.017860 seconds 
========================================================================
Received Import Request.
  Time since last request: 0.000034 seconds.
  path: Assets/VanillaArt_MeadevilPack_FREE/Prefabs/SoloObjects/plank_06.prefab
  artifactKey: Guid(96a29a13e2b3b794dade49b14dc84fa1) Importer(815301076,1909f56bfc062723c751e8b465ee728b)
Start importing Assets/VanillaArt_MeadevilPack_FREE/Prefabs/SoloObjects/plank_06.prefab using Guid(96a29a13e2b3b794dade49b14dc84fa1) Importer(815301076,1909f56bfc062723c751e8b465ee728b)  -> (artifact id: '92ad66df7e365f3635830eb77689bdda') in 0.018266 seconds 
========================================================================
Received Import Request.
  Time since last request: 0.000033 seconds.
  path: Assets/VanillaArt_MeadevilPack_FREE/Prefabs/SoloObjects/trailway_03.prefab
  artifactKey: Guid(81c7dfdea6864b147b2483f406e0f41f) Importer(815301076,1909f56bfc062723c751e8b465ee728b)
Start importing Assets/VanillaArt_MeadevilPack_FREE/Prefabs/SoloObjects/trailway_03.prefab using Guid(81c7dfdea6864b147b2483f406e0f41f) Importer(815301076,1909f56bfc062723c751e8b465ee728b)  -> (artifact id: '603bd88dfefb0ea703d634173e51473a') in 0.016761 seconds 
========================================================================
Received Import Request.
  Time since last request: 0.000116 seconds.
  path: Assets/VanillaArt_MeadevilPack_FREE/Prefabs/SoloObjects/trailway_02_closed_01.prefab
  artifactKey: Guid(92e32177790b43645a09f4f18fe01a77) Importer(815301076,1909f56bfc062723c751e8b465ee728b)
Start importing Assets/VanillaArt_MeadevilPack_FREE/Prefabs/SoloObjects/trailway_02_closed_01.prefab using Guid(92e32177790b43645a09f4f18fe01a77) Importer(815301076,1909f56bfc062723c751e8b465ee728b)  -> (artifact id: '267a1af69f2242ae0b0a8e91606350c5') in 0.016549 seconds 
========================================================================
Received Import Request.
  Time since last request: 14.205585 seconds.
  path: Assets/Art/RPG Tiny Hero Duo/Material/Skybox_Mat.mat
  artifactKey: Guid(353466c49cf019540bf2ac95815b7c1e) Importer(815301076,1909f56bfc062723c751e8b465ee728b)
Start importing Assets/Art/RPG Tiny Hero Duo/Material/Skybox_Mat.mat using Guid(353466c49cf019540bf2ac95815b7c1e) Importer(815301076,1909f56bfc062723c751e8b465ee728b)  -> (artifact id: '866e3a0b9aace3516323a6f72c6e1a23') in 0.023986 seconds 
========================================================================
Received Prepare
Registering precompiled user dll's ...
Registered in 0.016787 seconds.
Begin MonoManager ReloadAssembly
Symbol file LoadedFromMemory doesn't match image C:\Users\marta\Documents\GitHub\RunnerGameVoiceRecognition\Runner\Library\PackageCache\com.unity.visualscripting@1.8.0\Editor\VisualScripting.Core\Dependencies\YamlDotNet\Unity.VisualScripting.YamlDotNet.dll
Symbol file LoadedFromMemory doesn't match image C:\Users\marta\Documents\GitHub\RunnerGameVoiceRecognition\Runner\Library\PackageCache\com.unity.visualscripting@1.8.0\Editor\VisualScripting.Core\Dependencies\DotNetZip\Unity.VisualScripting.IonicZip.dll
Native extension for WindowsStandalone target not found
Native extension for iOS target not found
Native extension for Android target not found
Native extension for WebGL target not found
Refreshing native plugins compatible for Editor in 1.60 ms, found 3 plugins.
Preloading 0 native plugins for Editor in 0.00 ms.
Mono: successfully reloaded assembly
- Completed reload, in  2.618 seconds
Domain Reload Profiling:
	ReloadAssembly (2620ms)
		BeginReloadAssembly (309ms)
			ExecutionOrderSort (0ms)
			DisableScriptedObjects (7ms)
			BackupInstance (0ms)
			ReleaseScriptingObjects (0ms)
			CreateAndSetChildDomain (69ms)
		EndReloadAssembly (2081ms)
			LoadAssemblies (239ms)
			RebuildTransferFunctionScriptingTraits (0ms)
			SetupTypeCache (753ms)
			ReleaseScriptCaches (2ms)
			RebuildScriptCaches (122ms)
			SetupLoadedEditorAssemblies (812ms)
				LogAssemblyErrors (0ms)
				InitializePlatformSupportModulesInManaged (76ms)
				SetLoadedEditorAssemblies (1ms)
				RefreshPlugins (2ms)
				BeforeProcessingInitializeOnLoad (184ms)
				ProcessInitializeOnLoadAttributes (470ms)
				ProcessInitializeOnLoadMethodAttributes (46ms)
				AfterProcessingInitializeOnLoad (33ms)
				EditorAssembliesLoaded (0ms)
			ExecutionOrderSort2 (0ms)
			AwakeInstancesAfterBackupRestoration (22ms)
Platform modules already initialized, skipping
Refreshing native plugins compatible for Editor in 5.57 ms, found 3 plugins.
Preloading 0 native plugins for Editor in 0.00 ms.
Unloading 3213 Unused Serialized files (Serialized files now loaded: 0)
Unloading 29 unused Assets / (1.3 MB). Loaded Objects now: 3748.
Memory consumption went from 137.1 MB to 135.8 MB.
Total: 7.181000 ms (FindLiveObjects: 0.392100 ms CreateObjectMapping: 0.258300 ms MarkObjects: 6.141200 ms  DeleteObjects: 0.387500 ms)

AssetImportParameters requested are different than current active one (requested -> active):
  custom:video-decoder-ogg-theora: a1e56fd34408186e4bbccfd4996cb3dc -> 
  custom:container-muxer-webm: aa71ff27fc2769a1b78a27578f13a17b -> 
  custom:container-demuxer-webm: 4f35f7cbe854078d1ac9338744f61a02 -> 
  custom:video-encoder-webm-vp8: eb34c28f22e8b96e1ab97ce403110664 -> 
  custom:audio-encoder-webm-vorbis: bf7c407c2cedff20999df2af8eb42d56 -> 
  custom:framework-win-MediaFoundation: 216162199b28c13a410421893ffa2e32 -> 
  custom:container-demuxer-ogg: 62fdf1f143b41e24485cea50d1cbac27 -> 
  custom:video-decoder-webm-vp8: 9c59270c3fd7afecdb556c50c9e8de78 -> 
  custom:audio-decoder-ogg-vorbis: bf7c407c2cedff20999df2af8eb42d56 -> 
Editor requested this worker to shutdown with reason: Scaling down because of idle timeout
AssetImportWorker is now disconnected from the server
Process exiting
Exiting without the bug reporter. Application will terminate with return code 0