Using pre-set license
Built from '2021.3/staging' branch; Version is '2021.3.21f1 (1b156197d683) revision 1774945'; Using compiler version '192829333'; Build Type 'Release'
OS: 'Windows 11  (10.0.22631) 64bit Core' Language: 'pt' Physical Memory: 16221 MB
BatchMode: 1, IsHumanControllingUs: 0, StartBugReporterOnCrash: 0, Is64bit: 1, IsPro: 1

COMMAND LINE ARGUMENTS:
C:\Program Files\Unity\Hub\Editor\2021.3.21f1\Editor\Unity.exe
-adb2
-batchMode
-noUpm
-name
AssetImportWorker5
-projectPath
C:/Users/marta/Documents/GitHub/RunnerGameVoiceRecognition/Runner
-logFile
Logs/AssetImportWorker5.log
-srvPort
57974
Successfully changed project path to: C:/Users/marta/Documents/GitHub/RunnerGameVoiceRecognition/Runner
C:/Users/marta/Documents/GitHub/RunnerGameVoiceRecognition/Runner
[UnityMemory] Configuration Parameters - Can be set up in boot.config
    "memorysetup-bucket-allocator-granularity=16"
    "memorysetup-bucket-allocator-bucket-count=8"
    "memorysetup-bucket-allocator-block-size=33554432"
    "memorysetup-bucket-allocator-block-count=8"
    "memorysetup-main-allocator-block-size=16777216"
    "memorysetup-thread-allocator-block-size=16777216"
    "memorysetup-gfx-main-allocator-block-size=16777216"
    "memorysetup-gfx-thread-allocator-block-size=16777216"
    "memorysetup-cache-allocator-block-size=4194304"
    "memorysetup-typetree-allocator-block-size=2097152"
    "memorysetup-profiler-bucket-allocator-granularity=16"
    "memorysetup-profiler-bucket-allocator-bucket-count=8"
    "memorysetup-profiler-bucket-allocator-block-size=33554432"
    "memorysetup-profiler-bucket-allocator-block-count=8"
    "memorysetup-profiler-allocator-block-size=16777216"
    "memorysetup-profiler-editor-allocator-block-size=1048576"
    "memorysetup-temp-allocator-size-main=16777216"
    "memorysetup-job-temp-allocator-block-size=2097152"
    "memorysetup-job-temp-allocator-block-size-background=1048576"
    "memorysetup-job-temp-allocator-reduction-small-platforms=262144"
    "memorysetup-temp-allocator-size-background-worker=32768"
    "memorysetup-temp-allocator-size-job-worker=262144"
    "memorysetup-temp-allocator-size-preload-manager=33554432"
    "memorysetup-temp-allocator-size-nav-mesh-worker=65536"
    "memorysetup-temp-allocator-size-audio-worker=65536"
    "memorysetup-temp-allocator-size-cloud-worker=32768"
    "memorysetup-temp-allocator-size-gi-baking-worker=262144"
    "memorysetup-temp-allocator-size-gfx=262144"
Player connection [27908] Host "[IP] 192.168.1.102 [Port] 0 [Flags] 2 [Guid] 1078760971 [EditorId] 1078760971 [Version] 1048832 [Id] WindowsEditor(7,LAPTOP-H5F1OK20) [Debug] 1 [PackageName] WindowsEditor [ProjectName] Editor" joined multi-casting on [225.0.0.222:54997]...

Player connection [27908] Host "[IP] 192.168.1.102 [Port] 0 [Flags] 2 [Guid] 1078760971 [EditorId] 1078760971 [Version] 1048832 [Id] WindowsEditor(7,LAPTOP-H5F1OK20) [Debug] 1 [PackageName] WindowsEditor [ProjectName] Editor" joined alternative multi-casting on [225.0.0.222:34997]...

Refreshing native plugins compatible for Editor in 321.75 ms, found 3 plugins.
Preloading 0 native plugins for Editor in 0.00 ms.
Initialize engine version: 2021.3.21f1 (1b156197d683)
[Subsystems] Discovering subsystems at path C:/Program Files/Unity/Hub/Editor/2021.3.21f1/Editor/Data/Resources/UnitySubsystems
[Subsystems] Discovering subsystems at path C:/Users/marta/Documents/GitHub/RunnerGameVoiceRecognition/Runner/Assets
GfxDevice: creating device client; threaded=0; jobified=0
Direct3D:
    Version:  Direct3D 11.0 [level 11.1]
    Renderer: NVIDIA GeForce GTX 1650 (ID=0x1f99)
    Vendor:   NVIDIA
    VRAM:     3962 MB
    Driver:   31.0.15.1640
Initialize mono
Mono path[0] = 'C:/Program Files/Unity/Hub/Editor/2021.3.21f1/Editor/Data/Managed'
Mono path[1] = 'C:/Program Files/Unity/Hub/Editor/2021.3.21f1/Editor/Data/MonoBleedingEdge/lib/mono/unityjit-win32'
Mono config path = 'C:/Program Files/Unity/Hub/Editor/2021.3.21f1/Editor/Data/MonoBleedingEdge/etc'
Using monoOptions --debugger-agent=transport=dt_socket,embedding=1,server=y,suspend=n,address=127.0.0.1:56868
Begin MonoManager ReloadAssembly
Registering precompiled unity dll's ...
Register platform support module: C:/Program Files/Unity/Hub/Editor/2021.3.21f1/Editor/Data/PlaybackEngines/WebGLSupport/UnityEditor.WebGL.Extensions.dll
Register platform support module: C:/Program Files/Unity/Hub/Editor/2021.3.21f1/Editor/Data/PlaybackEngines/AndroidPlayer/UnityEditor.Android.Extensions.dll
Register platform support module: C:/Program Files/Unity/Hub/Editor/2021.3.21f1/Editor/Data/PlaybackEngines/iOSSupport/UnityEditor.iOS.Extensions.dll
Register platform support module: C:/Program Files/Unity/Hub/Editor/2021.3.21f1/Editor/Data/PlaybackEngines/WindowsStandaloneSupport/UnityEditor.WindowsStandalone.Extensions.dll
Registered in 0.035328 seconds.
Native extension for WindowsStandalone target not found
[usbmuxd] Start listen thread
[usbmuxd] Listen thread started
Native extension for iOS target not found
Native extension for Android target not found
Android Extension - Scanning For ADB Devices 553 ms
Native extension for WebGL target not found
Refreshing native plugins compatible for Editor in 169.96 ms, found 3 plugins.
Preloading 0 native plugins for Editor in 0.00 ms.
Mono: successfully reloaded assembly
- Completed reload, in  2.328 seconds
Domain Reload Profiling:
	ReloadAssembly (2329ms)
		BeginReloadAssembly (265ms)
			ExecutionOrderSort (0ms)
			DisableScriptedObjects (0ms)
			BackupInstance (0ms)
			ReleaseScriptingObjects (0ms)
			CreateAndSetChildDomain (1ms)
		EndReloadAssembly (1708ms)
			LoadAssemblies (262ms)
			RebuildTransferFunctionScriptingTraits (0ms)
			SetupTypeCache (333ms)
			ReleaseScriptCaches (0ms)
			RebuildScriptCaches (80ms)
			SetupLoadedEditorAssemblies (1155ms)
				LogAssemblyErrors (0ms)
				InitializePlatformSupportModulesInManaged (798ms)
				SetLoadedEditorAssemblies (0ms)
				RefreshPlugins (170ms)
				BeforeProcessingInitializeOnLoad (1ms)
				ProcessInitializeOnLoadAttributes (119ms)
				ProcessInitializeOnLoadMethodAttributes (67ms)
				AfterProcessingInitializeOnLoad (0ms)
				EditorAssembliesLoaded (0ms)
			ExecutionOrderSort2 (0ms)
			AwakeInstancesAfterBackupRestoration (0ms)
Platform modules already initialized, skipping
Registering precompiled user dll's ...
Registered in 0.017534 seconds.
Begin MonoManager ReloadAssembly
Symbol file LoadedFromMemory doesn't match image C:\Users\marta\Documents\GitHub\RunnerGameVoiceRecognition\Runner\Library\PackageCache\com.unity.visualscripting@1.8.0\Editor\VisualScripting.Core\Dependencies\YamlDotNet\Unity.VisualScripting.YamlDotNet.dll
Symbol file LoadedFromMemory doesn't match image C:\Users\marta\Documents\GitHub\RunnerGameVoiceRecognition\Runner\Library\PackageCache\com.unity.visualscripting@1.8.0\Editor\VisualScripting.Core\Dependencies\DotNetZip\Unity.VisualScripting.IonicZip.dll
Native extension for WindowsStandalone target not found
Native extension for iOS target not found
Native extension for Android target not found
Native extension for WebGL target not found
Refreshing native plugins compatible for Editor in 159.17 ms, found 3 plugins.
Preloading 0 native plugins for Editor in 0.00 ms.
Mono: successfully reloaded assembly
- Completed reload, in  1.813 seconds
Domain Reload Profiling:
	ReloadAssembly (1814ms)
		BeginReloadAssembly (151ms)
			ExecutionOrderSort (0ms)
			DisableScriptedObjects (8ms)
			BackupInstance (0ms)
			ReleaseScriptingObjects (0ms)
			CreateAndSetChildDomain (23ms)
		EndReloadAssembly (1531ms)
			LoadAssemblies (141ms)
			RebuildTransferFunctionScriptingTraits (0ms)
			SetupTypeCache (415ms)
			ReleaseScriptCaches (1ms)
			RebuildScriptCaches (84ms)
			SetupLoadedEditorAssemblies (812ms)
				LogAssemblyErrors (0ms)
				InitializePlatformSupportModulesInManaged (40ms)
				SetLoadedEditorAssemblies (0ms)
				RefreshPlugins (159ms)
				BeforeProcessingInitializeOnLoad (169ms)
				ProcessInitializeOnLoadAttributes (336ms)
				ProcessInitializeOnLoadMethodAttributes (94ms)
				AfterProcessingInitializeOnLoad (13ms)
				EditorAssembliesLoaded (0ms)
			ExecutionOrderSort2 (0ms)
			AwakeInstancesAfterBackupRestoration (8ms)
Platform modules already initialized, skipping
========================================================================
Worker process is ready to serve import requests
Launched and connected shader compiler UnityShaderCompiler.exe after 0.09 seconds
Refreshing native plugins compatible for Editor in 1.05 ms, found 3 plugins.
Preloading 0 native plugins for Editor in 0.00 ms.
Unloading 4986 Unused Serialized files (Serialized files now loaded: 0)
Unloading 46 unused Assets / (2.0 MB). Loaded Objects now: 5429.
Memory consumption went from 204.8 MB to 202.8 MB.
Total: 4.868000 ms (FindLiveObjects: 0.438800 ms CreateObjectMapping: 0.404800 ms MarkObjects: 3.461200 ms  DeleteObjects: 0.561900 ms)

AssetImportParameters requested are different than current active one (requested -> active):
  custom:video-decoder-ogg-theora: a1e56fd34408186e4bbccfd4996cb3dc -> 
  custom:container-muxer-webm: aa71ff27fc2769a1b78a27578f13a17b -> 
  custom:container-demuxer-webm: 4f35f7cbe854078d1ac9338744f61a02 -> 
  custom:video-encoder-webm-vp8: eb34c28f22e8b96e1ab97ce403110664 -> 
  custom:audio-encoder-webm-vorbis: bf7c407c2cedff20999df2af8eb42d56 -> 
  custom:framework-win-MediaFoundation: 216162199b28c13a410421893ffa2e32 -> 
  custom:container-demuxer-ogg: 62fdf1f143b41e24485cea50d1cbac27 -> 
  custom:video-decoder-webm-vp8: 9c59270c3fd7afecdb556c50c9e8de78 -> 
  custom:audio-decoder-ogg-vorbis: bf7c407c2cedff20999df2af8eb42d56 -> 
========================================================================
Received Prepare
Switching render pipeline 00000000000000000000000000000000 -> 0c3dbefd317d93a47b4ae539c5051692
Refreshing native plugins compatible for Editor in 11.11 ms, found 3 plugins.
Preloading 0 native plugins for Editor in 0.00 ms.
Unloading 87 Unused Serialized files (Serialized files now loaded: 0)
Unloading 39 unused Assets / (2.0 MB). Loaded Objects now: 5477.
Memory consumption went from 101.7 MB to 99.7 MB.
Total: 8.312900 ms (FindLiveObjects: 0.632500 ms CreateObjectMapping: 0.590300 ms MarkObjects: 6.299600 ms  DeleteObjects: 0.788200 ms)

AssetImportParameters requested are different than current active one (requested -> active):
  custom:video-decoder-ogg-theora: a1e56fd34408186e4bbccfd4996cb3dc -> 
  custom:container-muxer-webm: aa71ff27fc2769a1b78a27578f13a17b -> 
  custom:container-demuxer-webm: 4f35f7cbe854078d1ac9338744f61a02 -> 
  custom:video-encoder-webm-vp8: eb34c28f22e8b96e1ab97ce403110664 -> 
  custom:audio-encoder-webm-vorbis: bf7c407c2cedff20999df2af8eb42d56 -> 
  custom:framework-win-MediaFoundation: 216162199b28c13a410421893ffa2e32 -> 
  custom:container-demuxer-ogg: 62fdf1f143b41e24485cea50d1cbac27 -> 
  custom:video-decoder-webm-vp8: 9c59270c3fd7afecdb556c50c9e8de78 -> 
  custom:audio-decoder-ogg-vorbis: bf7c407c2cedff20999df2af8eb42d56 -> 
========================================================================
Received Prepare
Refreshing native plugins compatible for Editor in 11.20 ms, found 3 plugins.
Preloading 0 native plugins for Editor in 0.00 ms.
Unloading 41 Unused Serialized files (Serialized files now loaded: 0)
Unloading 39 unused Assets / (2.0 MB). Loaded Objects now: 5479.
Memory consumption went from 99.6 MB to 97.6 MB.
Total: 6.491800 ms (FindLiveObjects: 0.577800 ms CreateObjectMapping: 0.574600 ms MarkObjects: 4.564000 ms  DeleteObjects: 0.773900 ms)

AssetImportParameters requested are different than current active one (requested -> active):
  custom:video-decoder-ogg-theora: a1e56fd34408186e4bbccfd4996cb3dc -> 
  custom:container-muxer-webm: aa71ff27fc2769a1b78a27578f13a17b -> 
  custom:container-demuxer-webm: 4f35f7cbe854078d1ac9338744f61a02 -> 
  custom:video-encoder-webm-vp8: eb34c28f22e8b96e1ab97ce403110664 -> 
  custom:audio-encoder-webm-vorbis: bf7c407c2cedff20999df2af8eb42d56 -> 
  custom:framework-win-MediaFoundation: 216162199b28c13a410421893ffa2e32 -> 
  custom:container-demuxer-ogg: 62fdf1f143b41e24485cea50d1cbac27 -> 
  custom:video-decoder-webm-vp8: 9c59270c3fd7afecdb556c50c9e8de78 -> 
  custom:audio-decoder-ogg-vorbis: bf7c407c2cedff20999df2af8eb42d56 -> 
========================================================================
Received Import Request.
  Time since last request: 33148.917926 seconds.
  path: Assets/Low-Poly Medieval Market/Prefabs/anvil_with_hammer.prefab
  artifactKey: Guid(6d67954ed62957c4f84494d247a82f57) Importer(815301076,1909f56bfc062723c751e8b465ee728b)
Start importing Assets/Low-Poly Medieval Market/Prefabs/anvil_with_hammer.prefab using Guid(6d67954ed62957c4f84494d247a82f57) Importer(815301076,1909f56bfc062723c751e8b465ee728b) CreateSerializedAsset is not supported while importing out-of-process
UnityEngine.StackTraceUtility:ExtractStackTrace ()
UnityEngine.Rendering.Universal.UniversalRenderPipelineGlobalSettings:Create (string,UnityEngine.Rendering.Universal.UniversalRenderPipelineGlobalSettings) (at Library/PackageCache/com.unity.render-pipelines.universal@12.1.10/Runtime/UniversalRenderPipelineGlobalSettings.cs:145)
UnityEngine.Rendering.Universal.UniversalRenderPipelineGlobalSettings:Ensure (string,bool) (at Library/PackageCache/com.unity.render-pipelines.universal@12.1.10/Runtime/UniversalRenderPipelineGlobalSettings.cs:116)
UnityEngine.Rendering.Universal.UniversalRenderPipeline:.ctor (UnityEngine.Rendering.Universal.UniversalRenderPipelineAsset) (at Library/PackageCache/com.unity.render-pipelines.universal@12.1.10/Runtime/UniversalRenderPipeline.cs:159)
UnityEngine.Rendering.Universal.UniversalRenderPipelineAsset:CreatePipeline () (at Library/PackageCache/com.unity.render-pipelines.universal@12.1.10/Runtime/Data/UniversalRenderPipelineAsset.cs:477)
UnityEngine.Rendering.RenderPipelineAsset:InternalCreatePipeline ()
UnityEngine.Rendering.RenderPipelineManager:PrepareRenderPipeline (UnityEngine.Rendering.RenderPipelineAsset)
UnityEngine.Rendering.RenderPipelineManager:DoRenderLoop_Internal (UnityEngine.Rendering.RenderPipelineAsset,intptr,System.Collections.Generic.List`1<UnityEngine.Camera/RenderRequest>,Unity.Collections.LowLevel.Unsafe.AtomicSafetyHandle)
UnityEditor.PreviewRenderUtility:Render (bool,bool)
UnityEditor.GameObjectInspector:DoRenderPreview ()
UnityEditor.GameObjectInspector:RenderStaticPreview (string,UnityEngine.Object[],int,int)
UnityEditor.AssetPreviewUpdater:CreatePreview (UnityEngine.Object,UnityEngine.Object[],string,int,int)
UnityEditor.AssetPreviewUpdater:CreatePreviewForAsset (UnityEngine.Object,UnityEngine.Object[],string)

[Library/PackageCache/com.unity.render-pipelines.universal@12.1.10/Runtime/UniversalRenderPipelineGlobalSettings.cs line 145]

UnityException: Creating asset at path Assets//UniversalRenderPipelineGlobalSettings.asset failed.
  at (wrapper managed-to-native) UnityEditor.AssetDatabase.CreateAsset(UnityEngine.Object,string)
  at UnityEngine.Rendering.Universal.UniversalRenderPipelineGlobalSettings.Create (System.String path, UnityEngine.Rendering.Universal.UniversalRenderPipelineGlobalSettings src) [0x0002d] in C:\Users\marta\Documents\GitHub\RunnerGameVoiceRecognition\Runner\Library\PackageCache\com.unity.render-pipelines.universal@12.1.10\Runtime\UniversalRenderPipelineGlobalSettings.cs:145 
  at UnityEngine.Rendering.Universal.UniversalRenderPipelineGlobalSettings.Ensure (System.String folderPath, System.Boolean canCreateNewAsset) [0x00096] in C:\Users\marta\Documents\GitHub\RunnerGameVoiceRecognition\Runner\Library\PackageCache\com.unity.render-pipelines.universal@12.1.10\Runtime\UniversalRenderPipelineGlobalSettings.cs:116 
  at UnityEngine.Rendering.Universal.UniversalRenderPipeline..ctor (UnityEngine.Rendering.Universal.UniversalRenderPipelineAsset asset) [0x0003d] in C:\Users\marta\Documents\GitHub\RunnerGameVoiceRecognition\Runner\Library\PackageCache\com.unity.render-pipelines.universal@12.1.10\Runtime\UniversalRenderPipeline.cs:159 
  at UnityEngine.Rendering.Universal.UniversalRenderPipelineAsset.CreatePipeline () [0x00080] in C:\Users\marta\Documents\GitHub\RunnerGameVoiceRecognition\Runner\Library\PackageCache\com.unity.render-pipelines.universal@12.1.10\Runtime\Data\UniversalRenderPipelineAsset.cs:477 
  at UnityEngine.Rendering.RenderPipelineAsset.InternalCreatePipeline () [0x00004] in <ba783288ca164d3099898a8819fcec1c>:0 
UnityEngine.DebugLogHandler:Internal_LogException(Exception, Object)
UnityEngine.DebugLogHandler:LogException(Exception, Object)
UnityEngine.Logger:LogException(Exception, Object)
UnityEngine.Debug:LogException(Exception)
UnityEngine.Rendering.RenderPipelineAsset:InternalCreatePipeline()
UnityEngine.Rendering.RenderPipelineManager:PrepareRenderPipeline(RenderPipelineAsset)
UnityEngine.Rendering.RenderPipelineManager:DoRenderLoop_Internal(RenderPipelineAsset, IntPtr, List`1, AtomicSafetyHandle)
UnityEngine.Camera:Render(Camera)
UnityEditor.PreviewRenderUtility:Render(Boolean, Boolean)
UnityEditor.GameObjectInspector:DoRenderPreview()
UnityEditor.GameObjectInspector:RenderStaticPreview(String, Object[], Int32, Int32)
UnityEditor.AssetPreviewUpdater:CreatePreview(Object, Object[], String, Int32, Int32)
UnityEditor.AssetPreviewUpdater:CreatePreviewForAsset(Object, Object[], String)

(Filename: Library/PackageCache/com.unity.render-pipelines.universal@12.1.10/Runtime/UniversalRenderPipelineGlobalSettings.cs Line: 145)

 -> (artifact id: '293a864be32449fbd15de26c6431e537') in 0.601447 seconds 
========================================================================
Received Import Request.
  Time since last request: 0.000052 seconds.
  path: Assets/Low-Poly Medieval Market/Prefabs/fish_twisted_01.prefab
  artifactKey: Guid(bb4733244fed04042aa0b1ed0b0aea72) Importer(815301076,1909f56bfc062723c751e8b465ee728b)
Start importing Assets/Low-Poly Medieval Market/Prefabs/fish_twisted_01.prefab using Guid(bb4733244fed04042aa0b1ed0b0aea72) Importer(815301076,1909f56bfc062723c751e8b465ee728b)  -> (artifact id: '586f90e14c059e44688bee39c2b0d526') in 3.294804 seconds 
========================================================================
Received Import Request.
  Time since last request: 0.000066 seconds.
  path: Assets/Low-Poly Medieval Market/Prefabs/basket_02.prefab
  artifactKey: Guid(cae6c4613f2320a489d33d30973a48ad) Importer(815301076,1909f56bfc062723c751e8b465ee728b)
Start importing Assets/Low-Poly Medieval Market/Prefabs/basket_02.prefab using Guid(cae6c4613f2320a489d33d30973a48ad) Importer(815301076,1909f56bfc062723c751e8b465ee728b)  -> (artifact id: 'f57b8a9125d97558f0506ae872bb6abd') in 1.662325 seconds 
========================================================================
Received Import Request.
  Time since last request: 0.000049 seconds.
  path: Assets/Low-Poly Medieval Market/Prefabs/BakeryMarket.prefab
  artifactKey: Guid(d9d36dec935d2024a9a49f82ed879fc6) Importer(815301076,1909f56bfc062723c751e8b465ee728b)
Start importing Assets/Low-Poly Medieval Market/Prefabs/BakeryMarket.prefab using Guid(d9d36dec935d2024a9a49f82ed879fc6) Importer(815301076,1909f56bfc062723c751e8b465ee728b)  -> (artifact id: 'dcd3187654780afaf99152138fcf213c') in 0.044304 seconds 
========================================================================
Received Import Request.
  Time since last request: 0.000068 seconds.
  path: Assets/Low-Poly Medieval Market/Prefabs/cutting_board_01.prefab
  artifactKey: Guid(e9264d1a1cfc29141afb5a9e98e98d36) Importer(815301076,1909f56bfc062723c751e8b465ee728b)
Start importing Assets/Low-Poly Medieval Market/Prefabs/cutting_board_01.prefab using Guid(e9264d1a1cfc29141afb5a9e98e98d36) Importer(815301076,1909f56bfc062723c751e8b465ee728b)  -> (artifact id: '34147faa9227f32b5dfbca65464df4be') in 0.036801 seconds 
========================================================================
Received Import Request.
  Time since last request: 0.000204 seconds.
  path: Assets/Low-Poly Medieval Market/Prefabs/egg_white.prefab
  artifactKey: Guid(eb60cd9a4b02904449844343b2735c20) Importer(815301076,1909f56bfc062723c751e8b465ee728b)
Start importing Assets/Low-Poly Medieval Market/Prefabs/egg_white.prefab using Guid(eb60cd9a4b02904449844343b2735c20) Importer(815301076,1909f56bfc062723c751e8b465ee728b)  -> (artifact id: '9280ef16408bac0b00c165fe605d0b02') in 0.038792 seconds 
========================================================================
Received Import Request.
  Time since last request: 0.000033 seconds.
  path: Assets/Low-Poly Medieval Market/Prefabs/box_with_fish.prefab
  artifactKey: Guid(73a9ab3e0680d24459b8cc6ef9809672) Importer(815301076,1909f56bfc062723c751e8b465ee728b)
Start importing Assets/Low-Poly Medieval Market/Prefabs/box_with_fish.prefab using Guid(73a9ab3e0680d24459b8cc6ef9809672) Importer(815301076,1909f56bfc062723c751e8b465ee728b)  -> (artifact id: 'b104ed2c02f0fa63ec17e0eaf3d0a36b') in 0.079943 seconds 
========================================================================
Received Import Request.
  Time since last request: 0.000047 seconds.
  path: Assets/Low-Poly Medieval Market/Prefabs/big_meat.prefab
  artifactKey: Guid(055e9d32f820c5b47b707a7882b22893) Importer(815301076,1909f56bfc062723c751e8b465ee728b)
Start importing Assets/Low-Poly Medieval Market/Prefabs/big_meat.prefab using Guid(055e9d32f820c5b47b707a7882b22893) Importer(815301076,1909f56bfc062723c751e8b465ee728b)  -> (artifact id: '2caa86966baa5ab23514aa74dc98e425') in 0.036478 seconds 
========================================================================
Received Import Request.
  Time since last request: 0.000059 seconds.
  path: Assets/Low-Poly Medieval Market/Prefabs/bag_open.prefab
  artifactKey: Guid(f74b0d6b21a350347aa1f01ddb3448fc) Importer(815301076,1909f56bfc062723c751e8b465ee728b)
Start importing Assets/Low-Poly Medieval Market/Prefabs/bag_open.prefab using Guid(f74b0d6b21a350347aa1f01ddb3448fc) Importer(815301076,1909f56bfc062723c751e8b465ee728b)  -> (artifact id: '4193465a7d534b40faaff6a361fe9e50') in 0.035169 seconds 
========================================================================
Received Import Request.
  Time since last request: 0.000033 seconds.
  path: Assets/Low-Poly Medieval Market/Prefabs/cookies.prefab
  artifactKey: Guid(6a759dcb2b687cc43b7528b5eac955bb) Importer(815301076,1909f56bfc062723c751e8b465ee728b)
Start importing Assets/Low-Poly Medieval Market/Prefabs/cookies.prefab using Guid(6a759dcb2b687cc43b7528b5eac955bb) Importer(815301076,1909f56bfc062723c751e8b465ee728b)  -> (artifact id: 'b196c1191ede7d9c5f1665fcd3344c5c') in 0.035576 seconds 
========================================================================
Received Import Request.
  Time since last request: 0.000038 seconds.
  path: Assets/Low-Poly Medieval Market/Prefabs/fish_market.prefab
  artifactKey: Guid(c702d9f2cdb3c5c4e8c8c1b713a0881b) Importer(815301076,1909f56bfc062723c751e8b465ee728b)
Start importing Assets/Low-Poly Medieval Market/Prefabs/fish_market.prefab using Guid(c702d9f2cdb3c5c4e8c8c1b713a0881b) Importer(815301076,1909f56bfc062723c751e8b465ee728b)  -> (artifact id: '1c886b6b8ea35d482af2c8fcd32f3e93') in 0.040619 seconds 
========================================================================
Received Import Request.
  Time since last request: 0.000097 seconds.
  path: Assets/Low-Poly Medieval Market/Prefabs/eggs_basket.prefab
  artifactKey: Guid(73035f5f353bfaf468424da79dc1b9eb) Importer(815301076,1909f56bfc062723c751e8b465ee728b)
Start importing Assets/Low-Poly Medieval Market/Prefabs/eggs_basket.prefab using Guid(73035f5f353bfaf468424da79dc1b9eb) Importer(815301076,1909f56bfc062723c751e8b465ee728b)  -> (artifact id: '1530234e96d8a3d887d5ef315516d130') in 0.051382 seconds 
========================================================================
Received Import Request.
  Time since last request: 0.000046 seconds.
  path: Assets/Low-Poly Medieval Market/Prefabs/coin.prefab
  artifactKey: Guid(74aaf32e479743b44a6c0abdd1c1ed35) Importer(815301076,1909f56bfc062723c751e8b465ee728b)
Start importing Assets/Low-Poly Medieval Market/Prefabs/coin.prefab using Guid(74aaf32e479743b44a6c0abdd1c1ed35) Importer(815301076,1909f56bfc062723c751e8b465ee728b)  -> (artifact id: '8b203844cae1830fb9757ffd6882f443') in 0.032276 seconds 
========================================================================
Received Import Request.
  Time since last request: 0.000087 seconds.
  path: Assets/Low-Poly Medieval Market/Prefabs/bag_of_gold.prefab
  artifactKey: Guid(7c6a89aa75c99bc4cbf5e6213b60b6ed) Importer(815301076,1909f56bfc062723c751e8b465ee728b)
Start importing Assets/Low-Poly Medieval Market/Prefabs/bag_of_gold.prefab using Guid(7c6a89aa75c99bc4cbf5e6213b60b6ed) Importer(815301076,1909f56bfc062723c751e8b465ee728b)  -> (artifact id: 'f828d7c78e80c81d68093ab3e900e883') in 0.035428 seconds 
========================================================================
Received Import Request.
  Time since last request: 0.000039 seconds.
  path: Assets/Low-Poly Medieval Market/Prefabs/apple_box.prefab
  artifactKey: Guid(b9065c1bddd69ca4ab2c37b9cbfe2ab1) Importer(815301076,1909f56bfc062723c751e8b465ee728b)
Start importing Assets/Low-Poly Medieval Market/Prefabs/apple_box.prefab using Guid(b9065c1bddd69ca4ab2c37b9cbfe2ab1) Importer(815301076,1909f56bfc062723c751e8b465ee728b)  -> (artifact id: 'eba54698d6489b220f6a6f1bb0f8bcd5') in 0.043959 seconds 
Editor requested this worker to shutdown with reason: Scaling down because of idle timeout
AssetImportWorker is now disconnected from the server
Process exiting
Exiting without the bug reporter. Application will terminate with return code 0